<?xml version="1.0" encoding="UTF-8"?>
<!-- Generated by org.testng.reporters.JUnitReportReporter -->
<testsuite hostname="LAPTOP-AME0HAQ2" failures="0" tests="1" name="selenium.org.AppTest" time="23.601" errors="0" timestamp="2022-09-14T14:10:57 IST" skipped="0">
  <testcase classname="selenium.org.AppTest" name="testhelloworld" time="23.601"/>
  <system-out/>
</testsuite> <!-- selenium.org.AppTest -->
